<?xml version="1.0" encoding="UTF-8"?>
<coverage generated="1764565668509" clover="3.2.0">
  <project timestamp="1764565668510" name="All files">
    <metrics statements="49" coveredstatements="49" conditionals="53" coveredconditionals="51" methods="15" coveredmethods="15" elements="117" coveredelements="115" complexity="0" loc="49" ncloc="49" packages="1" files="2" classes="2"/>
    <file name="api.js" path="C:\Users\valer\Documents\Repo de Repos\Digital-Nao-Reto-7 final\frontend\js\api.js">
      <metrics statements="12" coveredstatements="12" conditionals="8" coveredconditionals="8" methods="4" coveredmethods="4"/>
      <line num="2" count="2" type="stmt"/>
      <line num="3" count="2" type="cond" truecount="2" falsecount="0"/>
      <line num="4" count="1" type="stmt"/>
      <line num="8" count="2" type="stmt"/>
      <line num="13" count="2" type="cond" truecount="2" falsecount="0"/>
      <line num="14" count="1" type="stmt"/>
      <line num="18" count="2" type="stmt"/>
      <line num="23" count="2" type="cond" truecount="2" falsecount="0"/>
      <line num="24" count="1" type="stmt"/>
      <line num="28" count="2" type="stmt"/>
      <line num="31" count="2" type="cond" truecount="2" falsecount="0"/>
      <line num="32" count="1" type="stmt"/>
    </file>
    <file name="graph.js" path="C:\Users\valer\Documents\Repo de Repos\Digital-Nao-Reto-7 final\frontend\js\graph.js">
      <metrics statements="37" coveredstatements="37" conditionals="45" coveredconditionals="43" methods="11" coveredmethods="11"/>
      <line num="6" count="8" type="stmt"/>
      <line num="10" count="22" type="cond" truecount="4" falsecount="0"/>
      <line num="11" count="20" type="cond" truecount="1" falsecount="1"/>
      <line num="15" count="15" type="cond" truecount="4" falsecount="0"/>
      <line num="16" count="14" type="cond" truecount="4" falsecount="0"/>
      <line num="17" count="13" type="stmt"/>
      <line num="18" count="13" type="stmt"/>
      <line num="22" count="6" type="cond" truecount="2" falsecount="0"/>
      <line num="23" count="5" type="stmt"/>
      <line num="29" count="6" type="cond" truecount="4" falsecount="0"/>
      <line num="30" count="1" type="stmt"/>
      <line num="32" count="5" type="stmt"/>
      <line num="33" count="5" type="cond" truecount="2" falsecount="0"/>
      <line num="35" count="4" type="stmt"/>
      <line num="36" count="13" type="cond" truecount="4" falsecount="0"/>
      <line num="38" count="3" type="stmt"/>
      <line num="39" count="8" type="cond" truecount="1" falsecount="1"/>
      <line num="40" count="8" type="cond" truecount="4" falsecount="0"/>
      <line num="41" count="1" type="stmt"/>
      <line num="42" count="7" type="cond" truecount="4" falsecount="0"/>
      <line num="43" count="1" type="stmt"/>
      <line num="46" count="1" type="stmt"/>
      <line num="50" count="2" type="stmt"/>
      <line num="51" count="14" type="stmt"/>
      <line num="52" count="12" type="stmt"/>
      <line num="53" count="2" type="stmt"/>
      <line num="58" count="4" type="cond" truecount="2" falsecount="0"/>
      <line num="59" count="3" type="cond" truecount="4" falsecount="0"/>
      <line num="60" count="2" type="stmt"/>
      <line num="61" count="2" type="stmt"/>
      <line num="62" count="8" type="stmt"/>
      <line num="63" count="6" type="stmt"/>
      <line num="64" count="6" type="stmt"/>
      <line num="70" count="3" type="cond" truecount="2" falsecount="0"/>
      <line num="71" count="2" type="stmt"/>
      <line num="73" count="1" type="stmt"/>
      <line num="77" count="1" type="stmt"/>
    </file>
  </project>
</coverage>
