{"C:\\Users\\valer\\Documents\\Repo de Repos\\Digital-Nao-Reto-7 final\\frontend\\js\\api.js": {"path":"C:\\Users\\valer\\Documents\\Repo de Repos\\Digital-Nao-Reto-7 final\\frontend\\js\\api.js","statementMap":{"0":{"start":{"line":2,"column":14},"end":{"line":2,"column":63}},"1":{"start":{"line":3,"column":2},"end":{"line":3,"column":62}},"2":{"start":{"line":3,"column":15},"end":{"line":3,"column":62}},"3":{"start":{"line":4,"column":2},"end":{"line":4,"column":20}},"4":{"start":{"line":8,"column":14},"end":{"line":12,"column":4}},"5":{"start":{"line":13,"column":2},"end":{"line":13,"column":63}},"6":{"start":{"line":13,"column":15},"end":{"line":13,"column":63}},"7":{"start":{"line":14,"column":2},"end":{"line":14,"column":20}},"8":{"start":{"line":18,"column":14},"end":{"line":22,"column":4}},"9":{"start":{"line":23,"column":2},"end":{"line":23,"column":63}},"10":{"start":{"line":23,"column":15},"end":{"line":23,"column":63}},"11":{"start":{"line":24,"column":2},"end":{"line":24,"column":20}},"12":{"start":{"line":28,"column":14},"end":{"line":30,"column":4}},"13":{"start":{"line":31,"column":2},"end":{"line":31,"column":63}},"14":{"start":{"line":31,"column":15},"end":{"line":31,"column":63}},"15":{"start":{"line":32,"column":2},"end":{"line":32,"column":20}}},"fnMap":{"0":{"name":"listReservations","decl":{"start":{"line":1,"column":22},"end":{"line":1,"column":38}},"loc":{"start":{"line":1,"column":41},"end":{"line":5,"column":1}},"line":1},"1":{"name":"createReservation","decl":{"start":{"line":7,"column":22},"end":{"line":7,"column":39}},"loc":{"start":{"line":7,"column":46},"end":{"line":15,"column":1}},"line":7},"2":{"name":"updateReservation","decl":{"start":{"line":17,"column":22},"end":{"line":17,"column":39}},"loc":{"start":{"line":17,"column":50},"end":{"line":25,"column":1}},"line":17},"3":{"name":"cancelReservation","decl":{"start":{"line":27,"column":22},"end":{"line":27,"column":39}},"loc":{"start":{"line":27,"column":44},"end":{"line":33,"column":1}},"line":27}},"branchMap":{"0":{"loc":{"start":{"line":3,"column":2},"end":{"line":3,"column":62}},"type":"if","locations":[{"start":{"line":3,"column":2},"end":{"line":3,"column":62}},{"start":{},"end":{}}],"line":3},"1":{"loc":{"start":{"line":13,"column":2},"end":{"line":13,"column":63}},"type":"if","locations":[{"start":{"line":13,"column":2},"end":{"line":13,"column":63}},{"start":{},"end":{}}],"line":13},"2":{"loc":{"start":{"line":23,"column":2},"end":{"line":23,"column":63}},"type":"if","locations":[{"start":{"line":23,"column":2},"end":{"line":23,"column":63}},{"start":{},"end":{}}],"line":23},"3":{"loc":{"start":{"line":31,"column":2},"end":{"line":31,"column":63}},"type":"if","locations":[{"start":{"line":31,"column":2},"end":{"line":31,"column":63}},{"start":{},"end":{}}],"line":31}},"s":{"0":2,"1":2,"2":1,"3":1,"4":2,"5":2,"6":1,"7":1,"8":2,"9":2,"10":1,"11":1,"12":2,"13":2,"14":1,"15":1},"f":{"0":2,"1":2,"2":2,"3":2},"b":{"0":[1,1],"1":[1,1],"2":[1,1],"3":[1,1]},"_coverageSchema":"1a1c01bbd47fc00a2c39e90264f33305004495a9","hash":"e6507f273a86dd118fc4786343bf288905c9b5cd"}
,"C:\\Users\\valer\\Documents\\Repo de Repos\\Digital-Nao-Reto-7 final\\frontend\\js\\graph.js": {"path":"C:\\Users\\valer\\Documents\\Repo de Repos\\Digital-Nao-Reto-7 final\\frontend\\js\\graph.js","statementMap":{"0":{"start":{"line":6,"column":4},"end":{"line":6,"column":25}},"1":{"start":{"line":10,"column":4},"end":{"line":10,"column":80}},"2":{"start":{"line":10,"column":43},"end":{"line":10,"column":80}},"3":{"start":{"line":11,"column":4},"end":{"line":11,"column":52}},"4":{"start":{"line":11,"column":29},"end":{"line":11,"column":52}},"5":{"start":{"line":15,"column":4},"end":{"line":15,"column":82}},"6":{"start":{"line":15,"column":50},"end":{"line":15,"column":82}},"7":{"start":{"line":16,"column":4},"end":{"line":16,"column":92}},"8":{"start":{"line":16,"column":56},"end":{"line":16,"column":92}},"9":{"start":{"line":17,"column":4},"end":{"line":17,"column":58}},"10":{"start":{"line":18,"column":4},"end":{"line":18,"column":62}},"11":{"start":{"line":22,"column":4},"end":{"line":22,"column":61}},"12":{"start":{"line":22,"column":29},"end":{"line":22,"column":61}},"13":{"start":{"line":23,"column":4},"end":{"line":23,"column":35}},"14":{"start":{"line":29,"column":2},"end":{"line":30,"column":64}},"15":{"start":{"line":30,"column":4},"end":{"line":30,"column":64}},"16":{"start":{"line":32,"column":18},"end":{"line":32,"column":33}},"17":{"start":{"line":33,"column":2},"end":{"line":33,"column":87}},"18":{"start":{"line":33,"column":38},"end":{"line":33,"column":87}},"19":{"start":{"line":35,"column":2},"end":{"line":36,"column":95}},"20":{"start":{"line":36,"column":4},"end":{"line":36,"column":95}},"21":{"start":{"line":36,"column":44},"end":{"line":36,"column":95}},"22":{"start":{"line":38,"column":2},"end":{"line":44,"column":3}},"23":{"start":{"line":39,"column":35},"end":{"line":39,"column":42}},"24":{"start":{"line":40,"column":4},"end":{"line":41,"column":67}},"25":{"start":{"line":41,"column":6},"end":{"line":41,"column":67}},"26":{"start":{"line":42,"column":4},"end":{"line":43,"column":55}},"27":{"start":{"line":43,"column":6},"end":{"line":43,"column":55}},"28":{"start":{"line":46,"column":2},"end":{"line":46,"column":22}},"29":{"start":{"line":50,"column":12},"end":{"line":50,"column":23}},"30":{"start":{"line":51,"column":2},"end":{"line":51,"column":39}},"31":{"start":{"line":51,"column":26},"end":{"line":51,"column":39}},"32":{"start":{"line":52,"column":2},"end":{"line":52,"column":76}},"33":{"start":{"line":52,"column":46},"end":{"line":52,"column":76}},"34":{"start":{"line":53,"column":2},"end":{"line":53,"column":11}},"35":{"start":{"line":58,"column":2},"end":{"line":58,"column":72}},"36":{"start":{"line":58,"column":33},"end":{"line":58,"column":72}},"37":{"start":{"line":59,"column":2},"end":{"line":59,"column":80}},"38":{"start":{"line":59,"column":70},"end":{"line":59,"column":80}},"39":{"start":{"line":60,"column":20},"end":{"line":60,"column":48}},"40":{"start":{"line":61,"column":2},"end":{"line":64,"column":54}},"41":{"start":{"line":62,"column":17},"end":{"line":62,"column":44}},"42":{"start":{"line":63,"column":20},"end":{"line":63,"column":43}},"43":{"start":{"line":64,"column":15},"end":{"line":64,"column":51}},"44":{"start":{"line":70,"column":2},"end":{"line":72,"column":3}},"45":{"start":{"line":71,"column":4},"end":{"line":71,"column":36}},"46":{"start":{"line":73,"column":2},"end":{"line":73,"column":19}},"47":{"start":{"line":77,"column":26},"end":{"line":95,"column":1}}},"fnMap":{"0":{"name":"(anonymous_0)","decl":{"start":{"line":5,"column":2},"end":{"line":5,"column":3}},"loc":{"start":{"line":5,"column":16},"end":{"line":7,"column":3}},"line":5},"1":{"name":"(anonymous_1)","decl":{"start":{"line":9,"column":2},"end":{"line":9,"column":3}},"loc":{"start":{"line":9,"column":16},"end":{"line":12,"column":3}},"line":9},"2":{"name":"(anonymous_2)","decl":{"start":{"line":14,"column":2},"end":{"line":14,"column":3}},"loc":{"start":{"line":14,"column":32},"end":{"line":19,"column":3}},"line":14},"3":{"name":"(anonymous_3)","decl":{"start":{"line":21,"column":2},"end":{"line":21,"column":3}},"loc":{"start":{"line":21,"column":18},"end":{"line":24,"column":3}},"line":21},"4":{"name":"validateGraphData","decl":{"start":{"line":28,"column":16},"end":{"line":28,"column":33}},"loc":{"start":{"line":28,"column":53},"end":{"line":47,"column":1}},"line":28},"5":{"name":"buildGraph","decl":{"start":{"line":49,"column":16},"end":{"line":49,"column":26}},"loc":{"start":{"line":49,"column":42},"end":{"line":54,"column":1}},"line":49},"6":{"name":"getNearbyCities","decl":{"start":{"line":57,"column":16},"end":{"line":57,"column":31}},"loc":{"start":{"line":57,"column":73},"end":{"line":65,"column":1}},"line":57},"7":{"name":"(anonymous_7)","decl":{"start":{"line":62,"column":12},"end":{"line":62,"column":13}},"loc":{"start":{"line":62,"column":17},"end":{"line":62,"column":44}},"line":62},"8":{"name":"(anonymous_8)","decl":{"start":{"line":63,"column":10},"end":{"line":63,"column":11}},"loc":{"start":{"line":63,"column":20},"end":{"line":63,"column":43}},"line":63},"9":{"name":"(anonymous_9)","decl":{"start":{"line":64,"column":9},"end":{"line":64,"column":10}},"loc":{"start":{"line":64,"column":15},"end":{"line":64,"column":51}},"line":64},"10":{"name":"prepareGraphData","decl":{"start":{"line":69,"column":16},"end":{"line":69,"column":32}},"loc":{"start":{"line":69,"column":39},"end":{"line":74,"column":1}},"line":69}},"branchMap":{"0":{"loc":{"start":{"line":10,"column":4},"end":{"line":10,"column":80}},"type":"if","locations":[{"start":{"line":10,"column":4},"end":{"line":10,"column":80}},{"start":{},"end":{}}],"line":10},"1":{"loc":{"start":{"line":10,"column":8},"end":{"line":10,"column":41}},"type":"binary-expr","locations":[{"start":{"line":10,"column":8},"end":{"line":10,"column":13}},{"start":{"line":10,"column":17},"end":{"line":10,"column":41}}],"line":10},"2":{"loc":{"start":{"line":11,"column":4},"end":{"line":11,"column":52}},"type":"if","locations":[{"start":{"line":11,"column":4},"end":{"line":11,"column":52}},{"start":{},"end":{}}],"line":11},"3":{"loc":{"start":{"line":15,"column":4},"end":{"line":15,"column":82}},"type":"if","locations":[{"start":{"line":15,"column":4},"end":{"line":15,"column":82}},{"start":{},"end":{}}],"line":15},"4":{"loc":{"start":{"line":15,"column":8},"end":{"line":15,"column":48}},"type":"binary-expr","locations":[{"start":{"line":15,"column":8},"end":{"line":15,"column":27}},{"start":{"line":15,"column":31},"end":{"line":15,"column":48}}],"line":15},"5":{"loc":{"start":{"line":16,"column":4},"end":{"line":16,"column":92}},"type":"if","locations":[{"start":{"line":16,"column":4},"end":{"line":16,"column":92}},{"start":{},"end":{}}],"line":16},"6":{"loc":{"start":{"line":16,"column":8},"end":{"line":16,"column":54}},"type":"binary-expr","locations":[{"start":{"line":16,"column":8},"end":{"line":16,"column":36}},{"start":{"line":16,"column":40},"end":{"line":16,"column":54}}],"line":16},"7":{"loc":{"start":{"line":22,"column":4},"end":{"line":22,"column":61}},"type":"if","locations":[{"start":{"line":22,"column":4},"end":{"line":22,"column":61}},{"start":{},"end":{}}],"line":22},"8":{"loc":{"start":{"line":29,"column":2},"end":{"line":30,"column":64}},"type":"if","locations":[{"start":{"line":29,"column":2},"end":{"line":30,"column":64}},{"start":{},"end":{}}],"line":29},"9":{"loc":{"start":{"line":29,"column":6},"end":{"line":29,"column":53}},"type":"binary-expr","locations":[{"start":{"line":29,"column":6},"end":{"line":29,"column":28}},{"start":{"line":29,"column":32},"end":{"line":29,"column":53}}],"line":29},"10":{"loc":{"start":{"line":33,"column":2},"end":{"line":33,"column":87}},"type":"if","locations":[{"start":{"line":33,"column":2},"end":{"line":33,"column":87}},{"start":{},"end":{}}],"line":33},"11":{"loc":{"start":{"line":36,"column":4},"end":{"line":36,"column":95}},"type":"if","locations":[{"start":{"line":36,"column":4},"end":{"line":36,"column":95}},{"start":{},"end":{}}],"line":36},"12":{"loc":{"start":{"line":36,"column":8},"end":{"line":36,"column":42}},"type":"binary-expr","locations":[{"start":{"line":36,"column":8},"end":{"line":36,"column":29}},{"start":{"line":36,"column":33},"end":{"line":36,"column":42}}],"line":36},"13":{"loc":{"start":{"line":39,"column":35},"end":{"line":39,"column":42}},"type":"binary-expr","locations":[{"start":{"line":39,"column":35},"end":{"line":39,"column":36}},{"start":{"line":39,"column":40},"end":{"line":39,"column":42}}],"line":39},"14":{"loc":{"start":{"line":40,"column":4},"end":{"line":41,"column":67}},"type":"if","locations":[{"start":{"line":40,"column":4},"end":{"line":41,"column":67}},{"start":{},"end":{}}],"line":40},"15":{"loc":{"start":{"line":40,"column":8},"end":{"line":40,"column":46}},"type":"binary-expr","locations":[{"start":{"line":40,"column":8},"end":{"line":40,"column":26}},{"start":{"line":40,"column":30},"end":{"line":40,"column":46}}],"line":40},"16":{"loc":{"start":{"line":42,"column":4},"end":{"line":43,"column":55}},"type":"if","locations":[{"start":{"line":42,"column":4},"end":{"line":43,"column":55}},{"start":{},"end":{}}],"line":42},"17":{"loc":{"start":{"line":42,"column":8},"end":{"line":42,"column":50}},"type":"binary-expr","locations":[{"start":{"line":42,"column":8},"end":{"line":42,"column":34}},{"start":{"line":42,"column":38},"end":{"line":42,"column":50}}],"line":42},"18":{"loc":{"start":{"line":57,"column":52},"end":{"line":57,"column":71}},"type":"default-arg","locations":[{"start":{"line":57,"column":68},"end":{"line":57,"column":71}}],"line":57},"19":{"loc":{"start":{"line":58,"column":2},"end":{"line":58,"column":72}},"type":"if","locations":[{"start":{"line":58,"column":2},"end":{"line":58,"column":72}},{"start":{},"end":{}}],"line":58},"20":{"loc":{"start":{"line":59,"column":2},"end":{"line":59,"column":80}},"type":"if","locations":[{"start":{"line":59,"column":2},"end":{"line":59,"column":80}},{"start":{},"end":{}}],"line":59},"21":{"loc":{"start":{"line":59,"column":6},"end":{"line":59,"column":68}},"type":"binary-expr","locations":[{"start":{"line":59,"column":6},"end":{"line":59,"column":37}},{"start":{"line":59,"column":41},"end":{"line":59,"column":68}}],"line":59},"22":{"loc":{"start":{"line":70,"column":2},"end":{"line":72,"column":3}},"type":"if","locations":[{"start":{"line":70,"column":2},"end":{"line":72,"column":3}},{"start":{},"end":{}}],"line":70}},"s":{"0":8,"1":22,"2":2,"3":20,"4":20,"5":15,"6":1,"7":14,"8":1,"9":13,"10":13,"11":6,"12":1,"13":5,"14":6,"15":1,"16":5,"17":5,"18":1,"19":4,"20":13,"21":1,"22":3,"23":8,"24":8,"25":1,"26":7,"27":1,"28":1,"29":2,"30":2,"31":14,"32":2,"33":12,"34":2,"35":4,"36":1,"37":3,"38":1,"39":2,"40":2,"41":8,"42":6,"43":6,"44":3,"45":2,"46":1,"47":1},"f":{"0":8,"1":22,"2":15,"3":6,"4":6,"5":2,"6":4,"7":8,"8":6,"9":6,"10":3},"b":{"0":[2,20],"1":[22,20],"2":[20,0],"3":[1,14],"4":[15,15],"5":[1,13],"6":[14,14],"7":[1,5],"8":[1,5],"9":[6,5],"10":[1,4],"11":[1,12],"12":[13,13],"13":[8,0],"14":[1,7],"15":[8,8],"16":[1,6],"17":[7,7],"18":[2],"19":[1,3],"20":[1,2],"21":[3,3],"22":[2,1]},"_coverageSchema":"1a1c01bbd47fc00a2c39e90264f33305004495a9","hash":"6434b09193d954f3f61766b608702c5eda760304"}
}
