TN:
SF:js\api.js
FN:1,listReservations
FN:7,createReservation
FN:17,updateReservation
FN:27,cancelReservation
FNF:4
FNH:4
FNDA:2,listReservations
FNDA:2,createReservation
FNDA:2,updateReservation
FNDA:2,cancelReservation
DA:2,2
DA:3,2
DA:4,1
DA:8,2
DA:13,2
DA:14,1
DA:18,2
DA:23,2
DA:24,1
DA:28,2
DA:31,2
DA:32,1
LF:12
LH:12
BRDA:3,0,0,1
BRDA:3,0,1,1
BRDA:13,1,0,1
BRDA:13,1,1,1
BRDA:23,2,0,1
BRDA:23,2,1,1
BRDA:31,3,0,1
BRDA:31,3,1,1
BRF:8
BRH:8
end_of_record
TN:
SF:js\graph.js
FN:5,(anonymous_0)
FN:9,(anonymous_1)
FN:14,(anonymous_2)
FN:21,(anonymous_3)
FN:28,validateGraphData
FN:49,buildGraph
FN:57,getNearbyCities
FN:62,(anonymous_7)
FN:63,(anonymous_8)
FN:64,(anonymous_9)
FN:69,prepareGraphData
FNF:11
FNH:11
FNDA:8,(anonymous_0)
FNDA:22,(anonymous_1)
FNDA:15,(anonymous_2)
FNDA:6,(anonymous_3)
FNDA:6,validateGraphData
FNDA:2,buildGraph
FNDA:4,getNearbyCities
FNDA:8,(anonymous_7)
FNDA:6,(anonymous_8)
FNDA:6,(anonymous_9)
FNDA:3,prepareGraphData
DA:6,8
DA:10,22
DA:11,20
DA:15,15
DA:16,14
DA:17,13
DA:18,13
DA:22,6
DA:23,5
DA:29,6
DA:30,1
DA:32,5
DA:33,5
DA:35,4
DA:36,13
DA:38,3
DA:39,8
DA:40,8
DA:41,1
DA:42,7
DA:43,1
DA:46,1
DA:50,2
DA:51,14
DA:52,12
DA:53,2
DA:58,4
DA:59,3
DA:60,2
DA:61,2
DA:62,8
DA:63,6
DA:64,6
DA:70,3
DA:71,2
DA:73,1
DA:77,1
LF:37
LH:37
BRDA:10,0,0,2
BRDA:10,0,1,20
BRDA:10,1,0,22
BRDA:10,1,1,20
BRDA:11,2,0,20
BRDA:11,2,1,0
BRDA:15,3,0,1
BRDA:15,3,1,14
BRDA:15,4,0,15
BRDA:15,4,1,15
BRDA:16,5,0,1
BRDA:16,5,1,13
BRDA:16,6,0,14
BRDA:16,6,1,14
BRDA:22,7,0,1
BRDA:22,7,1,5
BRDA:29,8,0,1
BRDA:29,8,1,5
BRDA:29,9,0,6
BRDA:29,9,1,5
BRDA:33,10,0,1
BRDA:33,10,1,4
BRDA:36,11,0,1
BRDA:36,11,1,12
BRDA:36,12,0,13
BRDA:36,12,1,13
BRDA:39,13,0,8
BRDA:39,13,1,0
BRDA:40,14,0,1
BRDA:40,14,1,7
BRDA:40,15,0,8
BRDA:40,15,1,8
BRDA:42,16,0,1
BRDA:42,16,1,6
BRDA:42,17,0,7
BRDA:42,17,1,7
BRDA:57,18,0,2
BRDA:58,19,0,1
BRDA:58,19,1,3
BRDA:59,20,0,1
BRDA:59,20,1,2
BRDA:59,21,0,3
BRDA:59,21,1,3
BRDA:70,22,0,2
BRDA:70,22,1,1
BRF:45
BRH:43
end_of_record
